Using pre-set license
Built from '2020.2/staging' branch; Version is '2020.2.0b7 (1b1252580c64) revision 1774162'; Using compiler version '192528614'; Build Type 'Release'
OS: 'Windows 10  (10.0.0) 64bit' Language: 'en' Physical Memory: 7917 MB
BatchMode: 1, IsHumanControllingUs: 0, StartBugReporterOnCrash: 0, Is64bit: 1, IsPro: 0

 COMMAND LINE ARGUMENTS:
C:\Program Files\Unity 2020.2.0b7\Editor\Unity.exe
-adb2
-batchMode
-noUpm
-name
AssetImportWorker0
-projectPath
C:/My-Documents/GamewithLOVE2D/cs50x_assignments/amWRit
-logFile
Logs/AssetImportWorker0.log
-srvPort
56023
Successfully changed project path to: C:/My-Documents/GamewithLOVE2D/cs50x_assignments/amWRit
C:/My-Documents/GamewithLOVE2D/cs50x_assignments/amWRit
Using Asset Import Pipeline V2.
Refreshing native plugins compatible for Editor in 54.44 ms, found 0 plugins.
Preloading 0 native plugins for Editor in 0.00 ms.
Initialize engine version: 2020.2.0b7 (1b1252580c64)
[Subsystems] Discovering subsystems at path C:/Program Files/Unity 2020.2.0b7/Editor/Data/Resources/UnitySubsystems
[Subsystems] Discovering subsystems at path C:/My-Documents/GamewithLOVE2D/cs50x_assignments/amWRit/Assets
GfxDevice: creating device client; threaded=0
Direct3D:
    Version:  Direct3D 11.0 [level 11.1]
    Renderer: Intel(R) HD Graphics 620 (ID=0x5916)
    Vendor:   
    VRAM:     3958 MB
    Driver:   26.20.100.7986
Initialize mono
Mono path[0] = 'C:/Program Files/Unity 2020.2.0b7/Editor/Data/Managed'
Mono path[1] = 'C:/Program Files/Unity 2020.2.0b7/Editor/Data/MonoBleedingEdge/lib/mono/unityjit'
Mono config path = 'C:/Program Files/Unity 2020.2.0b7/Editor/Data/MonoBleedingEdge/etc'
Using monoOptions --debugger-agent=transport=dt_socket,embedding=1,server=y,suspend=n,address=127.0.0.1:56648
Begin MonoManager ReloadAssembly
Registering precompiled unity dll's ...
Register platform support module: C:/Program Files/Unity 2020.2.0b7/Editor/Data/PlaybackEngines/WindowsStandaloneSupport/UnityEditor.WindowsStandalone.Extensions.dll
Registered in 0.005478 seconds.
Native extension for WindowsStandalone target not found
Refreshing native plugins compatible for Editor in 47.05 ms, found 0 plugins.
Preloading 0 native plugins for Editor in 0.00 ms.
Invoked RoslynAnalysisRunner static constructor.
RoslynAnalysisRunner will not be running.
RoslynAnalysisRunner has terminated.
Mono: successfully reloaded assembly
- Completed reload, in  3.438 seconds
Platform modules already initialized, skipping
Registering precompiled user dll's ...
Registered in 0.003116 seconds.
Begin MonoManager ReloadAssembly
Symbol file LoadedFromMemory doesn't match image C:\My-Documents\GamewithLOVE2D\cs50x_assignments\amWRit\Library\PackageCache\com.unity.ext.nunit@1.0.0\net35\unity-custom\nunit.framework.dll
Native extension for WindowsStandalone target not found
Refreshing native plugins compatible for Editor in 0.29 ms, found 0 plugins.
Preloading 0 native plugins for Editor in 0.00 ms.
Invoked RoslynAnalysisRunner static constructor.
RoslynAnalysisRunner will not be running.
RoslynAnalysisRunner has terminated.
Mono: successfully reloaded assembly
- Completed reload, in  1.523 seconds
Platform modules already initialized, skipping
========================================================================
Worker process is ready to serve import requests
Launched and connected shader compiler UnityShaderCompiler.exe after 0.10 seconds
Refreshing native plugins compatible for Editor in 0.69 ms, found 0 plugins.
Preloading 0 native plugins for Editor in 0.00 ms.
Unloading 1107 Unused Serialized files (Serialized files now loaded: 0)
System memory in use before: 60.5 MB.
System memory in use after: 60.6 MB.

Unloading 10 unused Assets to reduce memory usage. Loaded Objects now: 1550.
Total: 3.174900 ms (FindLiveObjects: 0.411200 ms CreateObjectMapping: 0.065900 ms MarkObjects: 2.496900 ms  DeleteObjects: 0.198000 ms)

========================================================================
Received Import Request.
  path: Assets/Sprites/Heart.png
  artifactKey: Guid(f0b2f8375dd044e43851a12ac5f98b50) Importer(815301076,1909f56bfc062723c751e8b465ee728b)
Start importing Assets/Sprites/Heart.png using Guid(f0b2f8375dd044e43851a12ac5f98b50) Importer(815301076,1909f56bfc062723c751e8b465ee728b)  -> (artifact id: '23d237008c9728c36ca0c343645926b4') in 0.189826 seconds
  Import took 0.193328 seconds .

========================================================================
Received Import Request.
  Time since last request: 0.000966 seconds.
  path: Assets/Sprites/Bar.png
  artifactKey: Guid(b43fff32b21672649a0ce8a6108b2e18) Importer(815301076,1909f56bfc062723c751e8b465ee728b)
Start importing Assets/Sprites/Bar.png using Guid(b43fff32b21672649a0ce8a6108b2e18) Importer(815301076,1909f56bfc062723c751e8b465ee728b)  -> (artifact id: 'b0c15c7bec6585d2c986f3ff5e29e370') in 0.019913 seconds
  Import took 0.024016 seconds .

========================================================================
Received Import Request.
  Time since last request: 86.738820 seconds.
  path: Assets/_Source_Files/Textures/Background_City.png
  artifactKey: Guid(66ce0fda7508547d2be6b20eac53f119) Importer(815301076,1909f56bfc062723c751e8b465ee728b)
Start importing Assets/_Source_Files/Textures/Background_City.png using Guid(66ce0fda7508547d2be6b20eac53f119) Importer(815301076,1909f56bfc062723c751e8b465ee728b)  -> (artifact id: '345108cc5895b29ad349e75a8fd25b2d') in 0.097577 seconds
  Import took 0.102261 seconds .

========================================================================
Received Import Request.
  Time since last request: 0.000330 seconds.
  path: Assets/_Source_Files/Textures/Background_Nature.png
  artifactKey: Guid(17881b719d84f46169e88d04d594eb75) Importer(815301076,1909f56bfc062723c751e8b465ee728b)
Start importing Assets/_Source_Files/Textures/Background_Nature.png using Guid(17881b719d84f46169e88d04d594eb75) Importer(815301076,1909f56bfc062723c751e8b465ee728b)  -> (artifact id: '2b7ecb3243d8f6448246f7e7014931c4') in 0.048407 seconds
  Import took 0.053304 seconds .

========================================================================
Received Import Request.
  Time since last request: 0.000628 seconds.
  path: Assets/_Source_Files/Textures/Background_Town.png
  artifactKey: Guid(640fa9e54570b4acbbc4acf8f3bf8663) Importer(815301076,1909f56bfc062723c751e8b465ee728b)
Start importing Assets/_Source_Files/Textures/Background_Town.png using Guid(640fa9e54570b4acbbc4acf8f3bf8663) Importer(815301076,1909f56bfc062723c751e8b465ee728b)  -> (artifact id: '43aa72c48057fa1303747eee6a9fa25d') in 0.044380 seconds
  Import took 0.051818 seconds .

========================================================================
Received Import Request.
  Time since last request: 0.000380 seconds.
  path: Assets/_Source_Files/Textures/Background_Nature.png
  artifactKey: Guid(17881b719d84f46169e88d04d594eb75) Importer(815301076,1909f56bfc062723c751e8b465ee728b)
Start importing Assets/_Source_Files/Textures/Background_Nature.png using Guid(17881b719d84f46169e88d04d594eb75) Importer(815301076,1909f56bfc062723c751e8b465ee728b)  -> (artifact id: '2b7ecb3243d8f6448246f7e7014931c4') in 0.027436 seconds
  Import took 0.038344 seconds .

========================================================================
Received Import Request.
  Time since last request: 0.000083 seconds.
  path: Assets/_Source_Files/Textures/Background_Town.png
  artifactKey: Guid(640fa9e54570b4acbbc4acf8f3bf8663) Importer(815301076,1909f56bfc062723c751e8b465ee728b)
Start importing Assets/_Source_Files/Textures/Background_Town.png using Guid(640fa9e54570b4acbbc4acf8f3bf8663) Importer(815301076,1909f56bfc062723c751e8b465ee728b)  -> (artifact id: '43aa72c48057fa1303747eee6a9fa25d') in 0.027191 seconds
  Import took 0.033981 seconds .

========================================================================
Received Import Request.
  Time since last request: 0.001130 seconds.
  path: Assets/_Source_Files/Textures/Background_City.png
  artifactKey: Guid(66ce0fda7508547d2be6b20eac53f119) Importer(815301076,1909f56bfc062723c751e8b465ee728b)
Start importing Assets/_Source_Files/Textures/Background_City.png using Guid(66ce0fda7508547d2be6b20eac53f119) Importer(815301076,1909f56bfc062723c751e8b465ee728b)  -> (artifact id: '345108cc5895b29ad349e75a8fd25b2d') in 0.027743 seconds
  Import took 0.033653 seconds .

========================================================================
Received Import Request.
  Time since last request: 93.093265 seconds.
  path: Assets/_Source_Files/FBX
  artifactKey: Guid(cdbc118da3c14464abd2262c5150b7ba) Importer(815301076,1909f56bfc062723c751e8b465ee728b)
Start importing Assets/_Source_Files/FBX using Guid(cdbc118da3c14464abd2262c5150b7ba) Importer(815301076,1909f56bfc062723c751e8b465ee728b)  -> (artifact id: '1393d97a2c1bc07d4b75008941414ddc') in 0.027919 seconds
  Import took 0.041233 seconds .

========================================================================
Received Import Request.
  Time since last request: 0.000368 seconds.
  path: Assets/_Source_Files/Misc
  artifactKey: Guid(2f3a4d1e4a0204242a715db41b82ac81) Importer(815301076,1909f56bfc062723c751e8b465ee728b)
Start importing Assets/_Source_Files/Misc using Guid(2f3a4d1e4a0204242a715db41b82ac81) Importer(815301076,1909f56bfc062723c751e8b465ee728b)  -> (artifact id: 'a84b571153f0c27d0c3a7e490640a9d9') in 0.008690 seconds
  Import took 0.013134 seconds .

========================================================================
Received Import Request.
  Time since last request: 0.000391 seconds.
  path: Assets/_Source_Files/Textures
  artifactKey: Guid(c82c9d044875a4404a7287a2cc841535) Importer(815301076,1909f56bfc062723c751e8b465ee728b)
Start importing Assets/_Source_Files/Textures using Guid(c82c9d044875a4404a7287a2cc841535) Importer(815301076,1909f56bfc062723c751e8b465ee728b)  -> (artifact id: '4691d1c7a08249fa1c96403200b195bd') in 0.008294 seconds
  Import took 0.011918 seconds .

========================================================================
Received Import Request.
  Time since last request: 0.000426 seconds.
  path: Assets/_Source_Files/_LICENSE.txt
  artifactKey: Guid(9f2c8540fbeee4bf28bbda601aa0a270) Importer(815301076,1909f56bfc062723c751e8b465ee728b)
Start importing Assets/_Source_Files/_LICENSE.txt using Guid(9f2c8540fbeee4bf28bbda601aa0a270) Importer(815301076,1909f56bfc062723c751e8b465ee728b)  -> (artifact id: 'e2ecdc6c6bc357fbd12cc6bc149db267') in 0.020397 seconds
  Import took 0.023664 seconds .

========================================================================
Received Import Request.
  Time since last request: 0.000435 seconds.
  path: Assets/_Source_Files/Materials
  artifactKey: Guid(8e3cba7f2af724136bb38f2c2cb70d2c) Importer(815301076,1909f56bfc062723c751e8b465ee728b)
Start importing Assets/_Source_Files/Materials using Guid(8e3cba7f2af724136bb38f2c2cb70d2c) Importer(815301076,1909f56bfc062723c751e8b465ee728b)  -> (artifact id: '9380340d0bee81a49cdf065c425410ad') in 0.009045 seconds
  Import took 0.011994 seconds .

========================================================================
Received Import Request.
  Time since last request: 3.703014 seconds.
  path: Assets/_Source_Files/Textures/Bar.png
  artifactKey: Guid(5c78241a26bbccd47b119619c820df00) Importer(815301076,1909f56bfc062723c751e8b465ee728b)
Start importing Assets/_Source_Files/Textures/Bar.png using Guid(5c78241a26bbccd47b119619c820df00) Importer(815301076,1909f56bfc062723c751e8b465ee728b)  -> (artifact id: 'd34f0d53bc24cb29f9842f5b68fee469') in 0.026384 seconds
  Import took 0.035646 seconds .

========================================================================
Received Import Request.
  Time since last request: 0.000452 seconds.
  path: Assets/_Source_Files/Textures/Heart.png
  artifactKey: Guid(6fbeaa1d2590652409c038bd95284883) Importer(815301076,1909f56bfc062723c751e8b465ee728b)
Start importing Assets/_Source_Files/Textures/Heart.png using Guid(6fbeaa1d2590652409c038bd95284883) Importer(815301076,1909f56bfc062723c751e8b465ee728b)  -> (artifact id: '9ae3d0924eaa1973a688a067c0c36edb') in 0.012611 seconds
  Import took 0.019221 seconds .

========================================================================
Received Import Request.
  Time since last request: 0.000441 seconds.
  path: Assets/_Source_Files/Textures/PolygonNature_01.png
  artifactKey: Guid(2edd58f7c433e934db9029c375173b44) Importer(815301076,1909f56bfc062723c751e8b465ee728b)
Start importing Assets/_Source_Files/Textures/PolygonNature_01.png using Guid(2edd58f7c433e934db9029c375173b44) Importer(815301076,1909f56bfc062723c751e8b465ee728b)  -> (artifact id: '645be47f4aa1f0196756e8c9048909a5') in 0.026381 seconds
  Import took 0.031188 seconds .

========================================================================
Received Import Request.
  Time since last request: 0.000828 seconds.
  path: Assets/_Source_Files/Textures/SimpleFarmer_FarmersDaughter_White.png
  artifactKey: Guid(bde8e4ecd0b2f344bb3b0d5bc6f7fc9c) Importer(815301076,1909f56bfc062723c751e8b465ee728b)
Start importing Assets/_Source_Files/Textures/SimpleFarmer_FarmersDaughter_White.png using Guid(bde8e4ecd0b2f344bb3b0d5bc6f7fc9c) Importer(815301076,1909f56bfc062723c751e8b465ee728b)  -> (artifact id: '795fcaf21f5fb68f1794d5001bb63190') in 0.036847 seconds
  Import took 0.041182 seconds .

========================================================================
Received Import Request.
  Time since last request: 0.000454 seconds.
  path: Assets/_Source_Files/Textures/Emissive_01.png
  artifactKey: Guid(ed8c76cfaa7f4f04da86bd288543e61c) Importer(815301076,1909f56bfc062723c751e8b465ee728b)
Start importing Assets/_Source_Files/Textures/Emissive_01.png using Guid(ed8c76cfaa7f4f04da86bd288543e61c) Importer(815301076,1909f56bfc062723c751e8b465ee728b)  -> (artifact id: 'a786f51fb12e3e61b01cc82f2e019f5e') in 0.029322 seconds
  Import took 0.033936 seconds .

========================================================================
Received Import Request.
  Time since last request: 0.000335 seconds.
  path: Assets/_Source_Files/Textures/PolygonCity_Texture_01_A.png
  artifactKey: Guid(fbde5f73f39181f4d9c7e24c34f0bdf8) Importer(815301076,1909f56bfc062723c751e8b465ee728b)
Start importing Assets/_Source_Files/Textures/PolygonCity_Texture_01_A.png using Guid(fbde5f73f39181f4d9c7e24c34f0bdf8) Importer(815301076,1909f56bfc062723c751e8b465ee728b)  -> (artifact id: '4c9cb1a396d3ff472ba33b0c1993faaa') in 0.024266 seconds
  Import took 0.028717 seconds .

========================================================================
Received Import Request.
  Time since last request: 0.001179 seconds.
  path: Assets/_Source_Files/Textures/PolygonCity_Texture_Normal.png
  artifactKey: Guid(b993ae890161b184188e417d77e0e1a3) Importer(815301076,1909f56bfc062723c751e8b465ee728b)
Start importing Assets/_Source_Files/Textures/PolygonCity_Texture_Normal.png using Guid(b993ae890161b184188e417d77e0e1a3) Importer(815301076,1909f56bfc062723c751e8b465ee728b)  -> (artifact id: 'e7e194c9b740fa0d56f0771fed090df9') in 0.059851 seconds
  Import took 0.065514 seconds .

========================================================================
Received Import Request.
  Time since last request: 0.002386 seconds.
  path: Assets/_Source_Files/Textures/PolygonCity_Texture_Metallic.tga
  artifactKey: Guid(2da74f2130b2ca74faacbcaaa83c5a44) Importer(815301076,1909f56bfc062723c751e8b465ee728b)
Start importing Assets/_Source_Files/Textures/PolygonCity_Texture_Metallic.tga using Guid(2da74f2130b2ca74faacbcaaa83c5a44) Importer(815301076,1909f56bfc062723c751e8b465ee728b)  -> (artifact id: '93ee2dee27b4dc35d6c945ac1b0cc8d2') in 0.061994 seconds
  Import took 0.068472 seconds .

========================================================================
Received Import Request.
  Time since last request: 0.000333 seconds.
  path: Assets/_Source_Files/Textures/PolygonPrototype_Texture_01.png
  artifactKey: Guid(86cb957541c7c8542a6306ffb82e6833) Importer(815301076,1909f56bfc062723c751e8b465ee728b)
Start importing Assets/_Source_Files/Textures/PolygonPrototype_Texture_01.png using Guid(86cb957541c7c8542a6306ffb82e6833) Importer(815301076,1909f56bfc062723c751e8b465ee728b)  -> (artifact id: '53e403a8de10219088236d2b7a5b206d') in 0.041422 seconds
  Import took 0.046256 seconds .

========================================================================
Received Import Request.
  Time since last request: 0.000416 seconds.
  path: Assets/_Source_Files/Textures/SimpleFarmer_Farmer_Brown.png
  artifactKey: Guid(065c4bcb58412d949a264763a07a818a) Importer(815301076,1909f56bfc062723c751e8b465ee728b)
Start importing Assets/_Source_Files/Textures/SimpleFarmer_Farmer_Brown.png using Guid(065c4bcb58412d949a264763a07a818a) Importer(815301076,1909f56bfc062723c751e8b465ee728b)  -> (artifact id: '9d84e14ea6732d08766f8895fa0b153a') in 0.038077 seconds
  Import took 0.043288 seconds .

========================================================================
Received Import Request.
  Time since last request: 0.000348 seconds.
  path: Assets/_Source_Files/Textures/SimpleFarmer_FarmersWife_Black.png
  artifactKey: Guid(1d2be5615bea5d44f97a1c40b5c11815) Importer(815301076,1909f56bfc062723c751e8b465ee728b)
Start importing Assets/_Source_Files/Textures/SimpleFarmer_FarmersWife_Black.png using Guid(1d2be5615bea5d44f97a1c40b5c11815) Importer(815301076,1909f56bfc062723c751e8b465ee728b)  -> (artifact id: '5bc384f99d000a8bef59ebc9922c2029') in 0.034412 seconds
  Import took 0.041873 seconds .

========================================================================
Received Import Request.
  Time since last request: 0.000238 seconds.
  path: Assets/_Source_Files/Textures/SimpleFarmer_FarmersDaughter_Black.png
  artifactKey: Guid(96100b630096bb24b8ec619d9e6b1211) Importer(815301076,1909f56bfc062723c751e8b465ee728b)
Start importing Assets/_Source_Files/Textures/SimpleFarmer_FarmersDaughter_Black.png using Guid(96100b630096bb24b8ec619d9e6b1211) Importer(815301076,1909f56bfc062723c751e8b465ee728b)  -> (artifact id: '203bb8dd9faf2cee1f384fb84e0e83a6') in 0.048776 seconds
  Import took 0.054059 seconds .

========================================================================
Received Import Request.
  Time since last request: 0.000295 seconds.
  path: Assets/_Source_Files/Textures/PolygonPrototype_Texture_04.png
  artifactKey: Guid(56d0dcfd4f388074b86b2ca24191e027) Importer(815301076,1909f56bfc062723c751e8b465ee728b)
Start importing Assets/_Source_Files/Textures/PolygonPrototype_Texture_04.png using Guid(56d0dcfd4f388074b86b2ca24191e027) Importer(815301076,1909f56bfc062723c751e8b465ee728b)  -> (artifact id: 'b5f63da33cd4d356a3dd88b3f42677c4') in 0.035566 seconds
  Import took 0.041857 seconds .

========================================================================
Received Import Request.
  Time since last request: 0.000282 seconds.
  path: Assets/_Source_Files/Textures/SimpleFarmer_Farmer_Black.png
  artifactKey: Guid(8fddee26d7af656469060882f739f16a) Importer(815301076,1909f56bfc062723c751e8b465ee728b)
Start importing Assets/_Source_Files/Textures/SimpleFarmer_Farmer_Black.png using Guid(8fddee26d7af656469060882f739f16a) Importer(815301076,1909f56bfc062723c751e8b465ee728b)  -> (artifact id: '9e5c17d7c8002a379e5b1ae4a9111bc1') in 0.053000 seconds
  Import took 0.056168 seconds .

========================================================================
Received Import Request.
  Time since last request: 0.000417 seconds.
  path: Assets/_Source_Files/Textures/SimpleFarmer_Farmer_White.png
  artifactKey: Guid(b5439d586ec428a40aef081b40d65655) Importer(815301076,1909f56bfc062723c751e8b465ee728b)
Start importing Assets/_Source_Files/Textures/SimpleFarmer_Farmer_White.png using Guid(b5439d586ec428a40aef081b40d65655) Importer(815301076,1909f56bfc062723c751e8b465ee728b)  -> (artifact id: '9986eb7972610d982e81c1cfd4a65b88') in 0.031913 seconds
  Import took 0.036786 seconds .

========================================================================
Received Import Request.
  Time since last request: 0.000283 seconds.
  path: Assets/_Source_Files/Textures/SimpleFarmer_FarmersDaughter_Brown.png
  artifactKey: Guid(144811adb05d9874fab57bf4b53356a1) Importer(815301076,1909f56bfc062723c751e8b465ee728b)
Start importing Assets/_Source_Files/Textures/SimpleFarmer_FarmersDaughter_Brown.png using Guid(144811adb05d9874fab57bf4b53356a1) Importer(815301076,1909f56bfc062723c751e8b465ee728b)  -> (artifact id: 'ea0424650e28391e70fa863d6058e6c3') in 0.039698 seconds
  Import took 0.043903 seconds .

========================================================================
Received Import Request.
  Time since last request: 0.000276 seconds.
  path: Assets/_Source_Files/Textures/SimpleFarmer_FarmersWife_White.png
  artifactKey: Guid(f555d3f85b4960e4287918ec81c10d9a) Importer(815301076,1909f56bfc062723c751e8b465ee728b)
Start importing Assets/_Source_Files/Textures/SimpleFarmer_FarmersWife_White.png using Guid(f555d3f85b4960e4287918ec81c10d9a) Importer(815301076,1909f56bfc062723c751e8b465ee728b)  -> (artifact id: '68947a5fad1741f6d8cafe9029b01be5') in 0.039668 seconds
  Import took 0.044905 seconds .

========================================================================
Received Import Request.
  Time since last request: 0.000359 seconds.
  path: Assets/_Source_Files/Textures/Road.png
  artifactKey: Guid(d88827958731d474899fb1e4219416c9) Importer(815301076,1909f56bfc062723c751e8b465ee728b)
Start importing Assets/_Source_Files/Textures/Road.png using Guid(d88827958731d474899fb1e4219416c9) Importer(815301076,1909f56bfc062723c751e8b465ee728b)  -> (artifact id: '8494445598fedd9495782dc84bff7b0e') in 0.028936 seconds
  Import took 0.034271 seconds .

========================================================================
Received Import Request.
  Time since last request: 0.000350 seconds.
  path: Assets/_Source_Files/Textures/Signs_00.png
  artifactKey: Guid(c050c2762aa6b874bac5c0b0c224bc9f) Importer(815301076,1909f56bfc062723c751e8b465ee728b)
Start importing Assets/_Source_Files/Textures/Signs_00.png using Guid(c050c2762aa6b874bac5c0b0c224bc9f) Importer(815301076,1909f56bfc062723c751e8b465ee728b)  -> (artifact id: 'ba42a589ed4c6098ac21d5c199730a4f') in 0.034221 seconds
  Import took 0.039718 seconds .

========================================================================
Received Import Request.
  Time since last request: 0.000524 seconds.
  path: Assets/_Source_Files/Textures/SimpleFarmer_FarmersWife_Brown.png
  artifactKey: Guid(6e4a419d05af9f049b1f7cdca7274f70) Importer(815301076,1909f56bfc062723c751e8b465ee728b)
Start importing Assets/_Source_Files/Textures/SimpleFarmer_FarmersWife_Brown.png using Guid(6e4a419d05af9f049b1f7cdca7274f70) Importer(815301076,1909f56bfc062723c751e8b465ee728b)  -> (artifact id: '793c5a99b0da28954f7dd68005542354') in 0.030898 seconds
  Import took 0.035528 seconds .

========================================================================
Received Prepare
Reloading mono domain
Begin MonoManager ReloadAssembly
Registering precompiled unity dll's ...
Register platform support module: C:/Program Files/Unity 2020.2.0b7/Editor/Data/PlaybackEngines/WindowsStandaloneSupport/UnityEditor.WindowsStandalone.Extensions.dll
Registered in 0.002812 seconds.
Symbol file LoadedFromMemory doesn't match image C:\My-Documents\GamewithLOVE2D\cs50x_assignments\amWRit\Library\PackageCache\com.unity.ext.nunit@1.0.0\net35\unity-custom\nunit.framework.dll
Native extension for WindowsStandalone target not found
Refreshing native plugins compatible for Editor in 68.95 ms, found 0 plugins.
Preloading 0 native plugins for Editor in 0.00 ms.
Invoked RoslynAnalysisRunner static constructor.
RoslynAnalysisRunner will not be running.
RoslynAnalysisRunner has terminated.
Mono: successfully reloaded assembly
- Completed reload, in  1.687 seconds
Platform modules already initialized, skipping
Registering precompiled user dll's ...
Registered in 0.001010 seconds.
Begin MonoManager ReloadAssembly
Symbol file LoadedFromMemory doesn't match image C:\My-Documents\GamewithLOVE2D\cs50x_assignments\amWRit\Library\PackageCache\com.unity.ext.nunit@1.0.0\net35\unity-custom\nunit.framework.dll
Native extension for WindowsStandalone target not found
Refreshing native plugins compatible for Editor in 0.53 ms, found 0 plugins.
Preloading 0 native plugins for Editor in 0.00 ms.
Invoked RoslynAnalysisRunner static constructor.
RoslynAnalysisRunner will not be running.
RoslynAnalysisRunner has terminated.
Mono: successfully reloaded assembly
- Completed reload, in  1.781 seconds
Platform modules already initialized, skipping
Refreshing native plugins compatible for Editor in 0.34 ms, found 0 plugins.
Preloading 0 native plugins for Editor in 0.00 ms.
Unloading 6 Unused Serialized files (Serialized files now loaded: 0)
System memory in use before: 41.6 MB.
System memory in use after: 41.7 MB.

Unloading 5 unused Assets to reduce memory usage. Loaded Objects now: 1565.
Total: 3.065400 ms (FindLiveObjects: 0.403000 ms CreateObjectMapping: 0.078000 ms MarkObjects: 2.515300 ms  DeleteObjects: 0.066900 ms)

========================================================================
Received Import Request.
  Time since last request: 316.939641 seconds.
  path: Assets/Fonts/Baloo_Chettan/BalooChettan-Regular SDF.asset
  artifactKey: Guid(31706cb8c8e1e4d99bb4d0a39c952ca2) Importer(815301076,1909f56bfc062723c751e8b465ee728b)
Start importing Assets/Fonts/Baloo_Chettan/BalooChettan-Regular SDF.asset using Guid(31706cb8c8e1e4d99bb4d0a39c952ca2) Importer(815301076,1909f56bfc062723c751e8b465ee728b)  -> (artifact id: '2cbad1a7487094d5fa64ffb6512678d3') in 0.216603 seconds
  Import took 0.220856 seconds .

========================================================================
Received Import Request.
  Time since last request: 0.000373 seconds.
  path: Assets/Fonts/Exo_2/Exo2-Medium.ttf
  artifactKey: Guid(2166c536fb3f3437a84ed2e583f883ef) Importer(815301076,1909f56bfc062723c751e8b465ee728b)
Start importing Assets/Fonts/Exo_2/Exo2-Medium.ttf using Guid(2166c536fb3f3437a84ed2e583f883ef) Importer(815301076,1909f56bfc062723c751e8b465ee728b)  -> (artifact id: 'f8350519abf928e43e9ca7dafae94350') in 0.041203 seconds
  Import took 0.045474 seconds .

========================================================================
Received Import Request.
  Time since last request: 0.000379 seconds.
  path: Assets/Fonts/Exo_2/Exo2-MediumItalic.ttf
  artifactKey: Guid(73c5c3792c4ec4d28816461c108c09ab) Importer(815301076,1909f56bfc062723c751e8b465ee728b)
Start importing Assets/Fonts/Exo_2/Exo2-MediumItalic.ttf using Guid(73c5c3792c4ec4d28816461c108c09ab) Importer(815301076,1909f56bfc062723c751e8b465ee728b)  -> (artifact id: '682c4b8a542911ab2c83038a463c73ac') in 0.032301 seconds
  Import took 0.036248 seconds .

========================================================================
Received Import Request.
  Time since last request: 0.000298 seconds.
  path: Assets/Fonts/Exo_2/Exo2-SemiBold SDF.asset
  artifactKey: Guid(8887514be60924b0ba1319bd10d63d0f) Importer(815301076,1909f56bfc062723c751e8b465ee728b)
Start importing Assets/Fonts/Exo_2/Exo2-SemiBold SDF.asset using Guid(8887514be60924b0ba1319bd10d63d0f) Importer(815301076,1909f56bfc062723c751e8b465ee728b)  -> (artifact id: 'b4ec1d399e12e5b39df65ffa340119a0') in 0.049042 seconds
  Import took 0.054331 seconds .

========================================================================
Received Import Request.
  Time since last request: 0.000774 seconds.
  path: Assets/Fonts/Exo_2/Exo2-LightItalic.ttf
  artifactKey: Guid(d59e3c5d1247c45f0b70680dc868ed9d) Importer(815301076,1909f56bfc062723c751e8b465ee728b)
Start importing Assets/Fonts/Exo_2/Exo2-LightItalic.ttf using Guid(d59e3c5d1247c45f0b70680dc868ed9d) Importer(815301076,1909f56bfc062723c751e8b465ee728b)  -> (artifact id: 'bec517efd5315c01132e6cd916b7dd09') in 0.035632 seconds
  Import took 0.041911 seconds .

========================================================================
Received Import Request.
  Time since last request: 0.000109 seconds.
  path: Assets/Fonts/Exo_2/Exo2-ExtraLight.ttf
  artifactKey: Guid(cbc1ad4e29ed647f78246ef482e0257d) Importer(815301076,1909f56bfc062723c751e8b465ee728b)
Start importing Assets/Fonts/Exo_2/Exo2-ExtraLight.ttf using Guid(cbc1ad4e29ed647f78246ef482e0257d) Importer(815301076,1909f56bfc062723c751e8b465ee728b)  -> (artifact id: 'b3c3a054783843872bf1fb51cc1426d1') in 0.045666 seconds
  Import took 0.050375 seconds .

========================================================================
Received Import Request.
  Time since last request: 0.000451 seconds.
  path: Assets/Fonts/Baloo_Chettan/BalooChettan-Regular SDF.asset
  artifactKey: Guid(31706cb8c8e1e4d99bb4d0a39c952ca2) Importer(815301076,1909f56bfc062723c751e8b465ee728b)
Start importing Assets/Fonts/Baloo_Chettan/BalooChettan-Regular SDF.asset using Guid(31706cb8c8e1e4d99bb4d0a39c952ca2) Importer(815301076,1909f56bfc062723c751e8b465ee728b)  -> (artifact id: '2cbad1a7487094d5fa64ffb6512678d3') in 0.046196 seconds
  Import took 0.050566 seconds .

========================================================================
Received Import Request.
  Time since last request: 0.000460 seconds.
  path: Assets/Fonts/Exo_2/Exo2-Regular.ttf
  artifactKey: Guid(3a70ad0bbaee8473c80840c8766769c1) Importer(815301076,1909f56bfc062723c751e8b465ee728b)
Start importing Assets/Fonts/Exo_2/Exo2-Regular.ttf using Guid(3a70ad0bbaee8473c80840c8766769c1) Importer(815301076,1909f56bfc062723c751e8b465ee728b)  -> (artifact id: 'd22ba2be082d8684eb203969d8007222') in 0.027873 seconds
  Import took 0.032230 seconds .

========================================================================
Received Import Request.
  Time since last request: 0.000328 seconds.
  path: Assets/Fonts/Exo_2/Exo2-Light.ttf
  artifactKey: Guid(b26e90a68ded1405f850d9355a62719d) Importer(815301076,1909f56bfc062723c751e8b465ee728b)
Start importing Assets/Fonts/Exo_2/Exo2-Light.ttf using Guid(b26e90a68ded1405f850d9355a62719d) Importer(815301076,1909f56bfc062723c751e8b465ee728b)  -> (artifact id: '0b73bd8af8f394b1263c5f23536ff1e7') in 0.030511 seconds
  Import took 0.034741 seconds .

========================================================================
Received Import Request.
  Time since last request: 0.000300 seconds.
  path: Assets/Fonts/Exo_2/Exo2-Italic.ttf
  artifactKey: Guid(2fe316b95071344fcb82c0a08cbd4e52) Importer(815301076,1909f56bfc062723c751e8b465ee728b)
Start importing Assets/Fonts/Exo_2/Exo2-Italic.ttf using Guid(2fe316b95071344fcb82c0a08cbd4e52) Importer(815301076,1909f56bfc062723c751e8b465ee728b)  -> (artifact id: '04080aed253cfcd93d8e8ccbe5ee5adb') in 0.036288 seconds
  Import took 0.041047 seconds .

========================================================================
Received Import Request.
  Time since last request: 0.001833 seconds.
  path: Assets/Fonts/Exo_2/Exo2-Italic.ttf
  artifactKey: Guid(2fe316b95071344fcb82c0a08cbd4e52) Importer(815301076,1909f56bfc062723c751e8b465ee728b)
Start importing Assets/Fonts/Exo_2/Exo2-Italic.ttf using Guid(2fe316b95071344fcb82c0a08cbd4e52) Importer(815301076,1909f56bfc062723c751e8b465ee728b)  -> (artifact id: '04080aed253cfcd93d8e8ccbe5ee5adb') in 0.026458 seconds
  Import took 0.031925 seconds .

========================================================================
Received Import Request.
  Time since last request: 123.654807 seconds.
  path: Assets/Materials
  artifactKey: Guid(7eb7c9f5a69c97d409e932ac9bfb39a0) Importer(815301076,1909f56bfc062723c751e8b465ee728b)
Start importing Assets/Materials using Guid(7eb7c9f5a69c97d409e932ac9bfb39a0) Importer(815301076,1909f56bfc062723c751e8b465ee728b)  -> (artifact id: '449fcd24753ec400e3aabc07d1302efa') in 0.007178 seconds
  Import took 0.013436 seconds .

========================================================================
Received Import Request.
  Time since last request: 0.000418 seconds.
  path: Assets/Sound
  artifactKey: Guid(513b96db72f004342809c688e465e064) Importer(815301076,1909f56bfc062723c751e8b465ee728b)
Start importing Assets/Sound using Guid(513b96db72f004342809c688e465e064) Importer(815301076,1909f56bfc062723c751e8b465ee728b)  -> (artifact id: '3397e0e72670cf333e229b4e60e2a715') in 0.008052 seconds
  Import took 0.011667 seconds .

========================================================================
Received Import Request.
  Time since last request: 0.000264 seconds.
  path: Assets/Bar.png
  artifactKey: Guid(ad93327b07c805142b371849d698f109) Importer(815301076,1909f56bfc062723c751e8b465ee728b)
Start importing Assets/Bar.png using Guid(ad93327b07c805142b371849d698f109) Importer(815301076,1909f56bfc062723c751e8b465ee728b)  -> (artifact id: '87e2ee9b16be57bb09c9201f669cbe9e') in 0.014625 seconds
  Import took 0.018842 seconds .

========================================================================
Received Import Request.
  Time since last request: 0.000136 seconds.
  path: Assets/TextMesh Pro
  artifactKey: Guid(dee3f5d8203b4e2468537e7ffefd574d) Importer(815301076,1909f56bfc062723c751e8b465ee728b)
Start importing Assets/TextMesh Pro using Guid(dee3f5d8203b4e2468537e7ffefd574d) Importer(815301076,1909f56bfc062723c751e8b465ee728b)  -> (artifact id: '4301e3611259987b4aec85af7b2d4b38') in 0.007928 seconds
  Import took 0.011792 seconds .

========================================================================
Received Import Request.
  Time since last request: 0.000275 seconds.
  path: Assets/Heart.png
  artifactKey: Guid(8a627c41c83e8294086b8f21fc261380) Importer(815301076,1909f56bfc062723c751e8b465ee728b)
Start importing Assets/Heart.png using Guid(8a627c41c83e8294086b8f21fc261380) Importer(815301076,1909f56bfc062723c751e8b465ee728b)  -> (artifact id: '7fd12f4561bdbb41aa19cc65f4884fa2') in 0.013151 seconds
  Import took 0.017041 seconds .

========================================================================
Received Import Request.
  Time since last request: 0.000462 seconds.
  path: Assets/Sprites
  artifactKey: Guid(de3f49b7b2e23b045bf62330ee7790c2) Importer(815301076,1909f56bfc062723c751e8b465ee728b)
Start importing Assets/Sprites using Guid(de3f49b7b2e23b045bf62330ee7790c2) Importer(815301076,1909f56bfc062723c751e8b465ee728b)  -> (artifact id: 'aafb4e96bfd424f671496970a21bcf34') in 0.008703 seconds
  Import took 0.012961 seconds .

========================================================================
Received Import Request.
  Time since last request: 0.000283 seconds.
  path: Assets/Sky
  artifactKey: Guid(4af3d6a976816534d9cddb50d81d5eaf) Importer(815301076,1909f56bfc062723c751e8b465ee728b)
Start importing Assets/Sky using Guid(4af3d6a976816534d9cddb50d81d5eaf) Importer(815301076,1909f56bfc062723c751e8b465ee728b)  -> (artifact id: 'dbd392ad30141930bbaace644c71e07d') in 0.008727 seconds
  Import took 0.012149 seconds .

========================================================================
Received Import Request.
  Time since last request: 25.036534 seconds.
  path: Assets/Sprites/Bar.png
  artifactKey: Guid(b43fff32b21672649a0ce8a6108b2e18) Importer(815301076,1909f56bfc062723c751e8b465ee728b)
Start importing Assets/Sprites/Bar.png using Guid(b43fff32b21672649a0ce8a6108b2e18) Importer(815301076,1909f56bfc062723c751e8b465ee728b)  -> (artifact id: '6027d6be89b85ff1712b1246bb05ee2f') in 0.036863 seconds
  Import took 0.043439 seconds .

========================================================================
Received Import Request.
  Time since last request: 4.872788 seconds.
  path: Assets/Sprites/Heart.png
  artifactKey: Guid(f0b2f8375dd044e43851a12ac5f98b50) Importer(815301076,1909f56bfc062723c751e8b465ee728b)
Start importing Assets/Sprites/Heart.png using Guid(f0b2f8375dd044e43851a12ac5f98b50) Importer(815301076,1909f56bfc062723c751e8b465ee728b)  -> (artifact id: '0b13b1872cef64e49397ad48314941bd') in 0.019069 seconds
  Import took 0.023180 seconds .

========================================================================
Received Import Request.
  Time since last request: 0.021170 seconds.
  path: Assets/Sprites/Heart.png
  artifactKey: Guid(f0b2f8375dd044e43851a12ac5f98b50) Importer(815301076,1909f56bfc062723c751e8b465ee728b)
Start importing Assets/Sprites/Heart.png using Guid(f0b2f8375dd044e43851a12ac5f98b50) Importer(815301076,1909f56bfc062723c751e8b465ee728b)  -> (artifact id: '0b13b1872cef64e49397ad48314941bd') in 0.021827 seconds
  Import took 0.029119 seconds .

========================================================================
Received Import Request.
  Time since last request: 16.080423 seconds.
  path: Assets/_Source_Files/Textures/SimpleFarmer_FarmWrangler_Black.png
  artifactKey: Guid(e3f5ae7056ee847478654d8ef6f4c4ad) Importer(815301076,1909f56bfc062723c751e8b465ee728b)
Start importing Assets/_Source_Files/Textures/SimpleFarmer_FarmWrangler_Black.png using Guid(e3f5ae7056ee847478654d8ef6f4c4ad) Importer(815301076,1909f56bfc062723c751e8b465ee728b)  -> (artifact id: '8a2ca53eab4f7ce78842cda9e93f2509') in 0.056730 seconds
  Import took 0.063650 seconds .

========================================================================
Received Import Request.
  Time since last request: 0.000686 seconds.
  path: Assets/_Source_Files/Textures/SimpleFarmer_FarmWrangler_Brown.png
  artifactKey: Guid(45eb17d5fe65a6942aee37575c20cf68) Importer(815301076,1909f56bfc062723c751e8b465ee728b)
Start importing Assets/_Source_Files/Textures/SimpleFarmer_FarmWrangler_Brown.png using Guid(45eb17d5fe65a6942aee37575c20cf68) Importer(815301076,1909f56bfc062723c751e8b465ee728b)  -> (artifact id: 'afabaa57bc89494bc0dc32bbfc50e1b4') in 0.066180 seconds
  Import took 0.080261 seconds .

========================================================================
Received Import Request.
  Time since last request: 0.005974 seconds.
  path: Assets/_Source_Files/Textures/SimpleFarmer_FarmWrangler_Brown.png
  artifactKey: Guid(45eb17d5fe65a6942aee37575c20cf68) Importer(815301076,1909f56bfc062723c751e8b465ee728b)
Start importing Assets/_Source_Files/Textures/SimpleFarmer_FarmWrangler_Brown.png using Guid(45eb17d5fe65a6942aee37575c20cf68) Importer(815301076,1909f56bfc062723c751e8b465ee728b)  -> (artifact id: 'afabaa57bc89494bc0dc32bbfc50e1b4') in 0.021145 seconds
  Import took 0.026095 seconds .

========================================================================
Received Prepare
Reloading mono domain
Begin MonoManager ReloadAssembly
Registering precompiled unity dll's ...
Register platform support module: C:/Program Files/Unity 2020.2.0b7/Editor/Data/PlaybackEngines/WindowsStandaloneSupport/UnityEditor.WindowsStandalone.Extensions.dll
Registered in 0.003221 seconds.
Symbol file LoadedFromMemory doesn't match image C:\My-Documents\GamewithLOVE2D\cs50x_assignments\amWRit\Library\PackageCache\com.unity.ext.nunit@1.0.0\net35\unity-custom\nunit.framework.dll
Native extension for WindowsStandalone target not found
Refreshing native plugins compatible for Editor in 68.89 ms, found 0 plugins.
Preloading 0 native plugins for Editor in 0.00 ms.
Invoked RoslynAnalysisRunner static constructor.
RoslynAnalysisRunner will not be running.
RoslynAnalysisRunner has terminated.
Mono: successfully reloaded assembly
- Completed reload, in  1.581 seconds
Platform modules already initialized, skipping
Registering precompiled user dll's ...
Registered in 0.001037 seconds.
Begin MonoManager ReloadAssembly
Symbol file LoadedFromMemory doesn't match image C:\My-Documents\GamewithLOVE2D\cs50x_assignments\amWRit\Library\PackageCache\com.unity.ext.nunit@1.0.0\net35\unity-custom\nunit.framework.dll
Native extension for WindowsStandalone target not found
Refreshing native plugins compatible for Editor in 0.40 ms, found 0 plugins.
Preloading 0 native plugins for Editor in 0.00 ms.
Invoked RoslynAnalysisRunner static constructor.
RoslynAnalysisRunner will not be running.
RoslynAnalysisRunner has terminated.
Mono: successfully reloaded assembly
- Completed reload, in  1.459 seconds
Platform modules already initialized, skipping
Refreshing native plugins compatible for Editor in 0.50 ms, found 0 plugins.
Preloading 0 native plugins for Editor in 0.00 ms.
Unloading 6 Unused Serialized files (Serialized files now loaded: 0)
System memory in use before: 42.4 MB.
System memory in use after: 42.4 MB.

Unloading 5 unused Assets to reduce memory usage. Loaded Objects now: 1614.
Total: 2.487600 ms (FindLiveObjects: 0.365100 ms CreateObjectMapping: 0.065400 ms MarkObjects: 1.973800 ms  DeleteObjects: 0.081500 ms)

========================================================================
Received Import Request.
  Time since last request: 941.817287 seconds.
  path: Assets/Scripts/GameManagerX.cs
  artifactKey: Guid(2f44a997651ff1249afcd5e01d4ed0ad) Importer(815301076,1909f56bfc062723c751e8b465ee728b)
Start importing Assets/Scripts/GameManagerX.cs using Guid(2f44a997651ff1249afcd5e01d4ed0ad) Importer(815301076,1909f56bfc062723c751e8b465ee728b)  -> (artifact id: 'dd77c1495d683ad241ae8d1cd557b051') in 0.043133 seconds
  Import took 0.049038 seconds .

========================================================================
Received Import Request.
  Time since last request: 0.000440 seconds.
  path: Assets/Scripts/MoveEnemy.cs
  artifactKey: Guid(296b31ff254dc7f45a7ce928023f34a5) Importer(815301076,1909f56bfc062723c751e8b465ee728b)
Start importing Assets/Scripts/MoveEnemy.cs using Guid(296b31ff254dc7f45a7ce928023f34a5) Importer(815301076,1909f56bfc062723c751e8b465ee728b)  -> (artifact id: '055a86d49f3618156c9b66b322188e06') in 0.007981 seconds
  Import took 0.011650 seconds .

========================================================================
Received Import Request.
  Time since last request: 0.000840 seconds.
  path: Assets/Scripts/PlayerController.cs
  artifactKey: Guid(d3026c908ce277447925cb7a06c9df20) Importer(815301076,1909f56bfc062723c751e8b465ee728b)
Start importing Assets/Scripts/PlayerController.cs using Guid(d3026c908ce277447925cb7a06c9df20) Importer(815301076,1909f56bfc062723c751e8b465ee728b)  -> (artifact id: '62098bef7233a478df95ade2378f9696') in 0.015902 seconds
  Import took 0.020866 seconds .

========================================================================
Received Import Request.
  Time since last request: 0.000337 seconds.
  path: Assets/Scripts/MoveLeft.cs
  artifactKey: Guid(b2f6715707b3fcf4c93c5a2141af0fd6) Importer(815301076,1909f56bfc062723c751e8b465ee728b)
Start importing Assets/Scripts/MoveLeft.cs using Guid(b2f6715707b3fcf4c93c5a2141af0fd6) Importer(815301076,1909f56bfc062723c751e8b465ee728b)  -> (artifact id: '70c501415e41beb2030df86cf97fd8f0') in 0.010783 seconds
  Import took 0.015282 seconds .

========================================================================
Received Import Request.
  Time since last request: 7.440206 seconds.
  path: Assets/Scripts/HealthManager.cs
  artifactKey: Guid(585a8feb80638cf40a0f1a816cd082c4) Importer(815301076,1909f56bfc062723c751e8b465ee728b)
Start importing Assets/Scripts/HealthManager.cs using Guid(585a8feb80638cf40a0f1a816cd082c4) Importer(815301076,1909f56bfc062723c751e8b465ee728b)  -> (artifact id: '3d0a48f210f4d1b8c926a964abd18c9e') in 0.013149 seconds
  Import took 0.019002 seconds .

========================================================================
Received Import Request.
  Time since last request: 0.006200 seconds.
  path: Assets/Scripts/HealthManager.cs
  artifactKey: Guid(585a8feb80638cf40a0f1a816cd082c4) Importer(815301076,1909f56bfc062723c751e8b465ee728b)
Start importing Assets/Scripts/HealthManager.cs using Guid(585a8feb80638cf40a0f1a816cd082c4) Importer(815301076,1909f56bfc062723c751e8b465ee728b)  -> (artifact id: '3d0a48f210f4d1b8c926a964abd18c9e') in 0.009008 seconds
  Import took 0.015333 seconds .

========================================================================
Received Prepare
Reloading mono domain
Begin MonoManager ReloadAssembly
Registering precompiled unity dll's ...
Register platform support module: C:/Program Files/Unity 2020.2.0b7/Editor/Data/PlaybackEngines/WindowsStandaloneSupport/UnityEditor.WindowsStandalone.Extensions.dll
Registered in 0.002026 seconds.
Symbol file LoadedFromMemory doesn't match image C:\My-Documents\GamewithLOVE2D\cs50x_assignments\amWRit\Library\PackageCache\com.unity.ext.nunit@1.0.0\net35\unity-custom\nunit.framework.dll
Native extension for WindowsStandalone target not found
Refreshing native plugins compatible for Editor in 35.79 ms, found 0 plugins.
Preloading 0 native plugins for Editor in 0.00 ms.
Invoked RoslynAnalysisRunner static constructor.
RoslynAnalysisRunner will not be running.
RoslynAnalysisRunner has terminated.
Mono: successfully reloaded assembly
- Completed reload, in  1.346 seconds
Platform modules already initialized, skipping
Registering precompiled user dll's ...
Registered in 0.001271 seconds.
Begin MonoManager ReloadAssembly
Symbol file LoadedFromMemory doesn't match image C:\My-Documents\GamewithLOVE2D\cs50x_assignments\amWRit\Library\PackageCache\com.unity.ext.nunit@1.0.0\net35\unity-custom\nunit.framework.dll
Native extension for WindowsStandalone target not found
Refreshing native plugins compatible for Editor in 0.29 ms, found 0 plugins.
Preloading 0 native plugins for Editor in 0.00 ms.
Invoked RoslynAnalysisRunner static constructor.
RoslynAnalysisRunner will not be running.
RoslynAnalysisRunner has terminated.
Mono: successfully reloaded assembly
- Completed reload, in  1.440 seconds
Platform modules already initialized, skipping
Refreshing native plugins compatible for Editor in 0.30 ms, found 0 plugins.
Preloading 0 native plugins for Editor in 0.00 ms.
Unloading 7 Unused Serialized files (Serialized files now loaded: 0)
System memory in use before: 42.9 MB.
System memory in use after: 43.0 MB.

Unloading 5 unused Assets to reduce memory usage. Loaded Objects now: 1619.
Total: 3.641800 ms (FindLiveObjects: 0.434100 ms CreateObjectMapping: 0.114900 ms MarkObjects: 3.010400 ms  DeleteObjects: 0.080300 ms)

========================================================================
Received Import Request.
  Time since last request: 155.859305 seconds.
  path: Assets/Scripts/HealthManager.cs
  artifactKey: Guid(585a8feb80638cf40a0f1a816cd082c4) Importer(815301076,1909f56bfc062723c751e8b465ee728b)
Start importing Assets/Scripts/HealthManager.cs using Guid(585a8feb80638cf40a0f1a816cd082c4) Importer(815301076,1909f56bfc062723c751e8b465ee728b)  -> (artifact id: 'a7031bf0fa8d890ca2825fc1dd115369') in 0.015928 seconds
  Import took 0.027082 seconds .

========================================================================
Received Import Request.
  Time since last request: 0.000131 seconds.
  path: Assets/Scripts/PlayerController.cs
  artifactKey: Guid(d3026c908ce277447925cb7a06c9df20) Importer(815301076,1909f56bfc062723c751e8b465ee728b)
Start importing Assets/Scripts/PlayerController.cs using Guid(d3026c908ce277447925cb7a06c9df20) Importer(815301076,1909f56bfc062723c751e8b465ee728b)  -> (artifact id: 'c84e3c8bffeda4e04f08cc0fdd01448b') in 0.012092 seconds
  Import took 0.020690 seconds .

========================================================================
Received Prepare
Reloading mono domain
Begin MonoManager ReloadAssembly
Registering precompiled unity dll's ...
Register platform support module: C:/Program Files/Unity 2020.2.0b7/Editor/Data/PlaybackEngines/WindowsStandaloneSupport/UnityEditor.WindowsStandalone.Extensions.dll
Registered in 0.002002 seconds.
Symbol file LoadedFromMemory doesn't match image C:\My-Documents\GamewithLOVE2D\cs50x_assignments\amWRit\Library\PackageCache\com.unity.ext.nunit@1.0.0\net35\unity-custom\nunit.framework.dll
Native extension for WindowsStandalone target not found
Refreshing native plugins compatible for Editor in 34.29 ms, found 0 plugins.
Preloading 0 native plugins for Editor in 0.00 ms.
Invoked RoslynAnalysisRunner static constructor.
RoslynAnalysisRunner will not be running.
RoslynAnalysisRunner has terminated.
Mono: successfully reloaded assembly
- Completed reload, in  1.391 seconds
Platform modules already initialized, skipping
Registering precompiled user dll's ...
Registered in 0.001022 seconds.
Begin MonoManager ReloadAssembly
Symbol file LoadedFromMemory doesn't match image C:\My-Documents\GamewithLOVE2D\cs50x_assignments\amWRit\Library\PackageCache\com.unity.ext.nunit@1.0.0\net35\unity-custom\nunit.framework.dll
Native extension for WindowsStandalone target not found
Refreshing native plugins compatible for Editor in 0.28 ms, found 0 plugins.
Preloading 0 native plugins for Editor in 0.00 ms.
Invoked RoslynAnalysisRunner static constructor.
RoslynAnalysisRunner will not be running.
RoslynAnalysisRunner has terminated.
Mono: successfully reloaded assembly
- Completed reload, in  1.776 seconds
Platform modules already initialized, skipping
Refreshing native plugins compatible for Editor in 0.37 ms, found 0 plugins.
Preloading 0 native plugins for Editor in 0.00 ms.
Unloading 6 Unused Serialized files (Serialized files now loaded: 0)
System memory in use before: 43.3 MB.
System memory in use after: 43.3 MB.

Unloading 5 unused Assets to reduce memory usage. Loaded Objects now: 1623.
Total: 3.376200 ms (FindLiveObjects: 0.477200 ms CreateObjectMapping: 0.109900 ms MarkObjects: 2.689700 ms  DeleteObjects: 0.097200 ms)

========================================================================
Received Import Request.
  Time since last request: 15.623084 seconds.
  path: Assets/Scripts/HealthManager.cs
  artifactKey: Guid(585a8feb80638cf40a0f1a816cd082c4) Importer(815301076,1909f56bfc062723c751e8b465ee728b)
Start importing Assets/Scripts/HealthManager.cs using Guid(585a8feb80638cf40a0f1a816cd082c4) Importer(815301076,1909f56bfc062723c751e8b465ee728b)  -> (artifact id: '4b2ce131f37cc7c7ee9e91cd4b9e38c5') in 0.008136 seconds
  Import took 0.012904 seconds .

========================================================================
Received Import Request.
  Time since last request: 231.351072 seconds.
  path: Assets/Scripts/PlayerController.cs
  artifactKey: Guid(d3026c908ce277447925cb7a06c9df20) Importer(815301076,1909f56bfc062723c751e8b465ee728b)
Start importing Assets/Scripts/PlayerController.cs using Guid(d3026c908ce277447925cb7a06c9df20) Importer(815301076,1909f56bfc062723c751e8b465ee728b)  -> (artifact id: 'e29162b4f374b718255d471b301e0bdb') in 0.033600 seconds
  Import took 0.038169 seconds .

========================================================================
Received Prepare
Reloading mono domain
Begin MonoManager ReloadAssembly
Registering precompiled unity dll's ...
Register platform support module: C:/Program Files/Unity 2020.2.0b7/Editor/Data/PlaybackEngines/WindowsStandaloneSupport/UnityEditor.WindowsStandalone.Extensions.dll
Registered in 0.001986 seconds.
Symbol file LoadedFromMemory doesn't match image C:\My-Documents\GamewithLOVE2D\cs50x_assignments\amWRit\Library\PackageCache\com.unity.ext.nunit@1.0.0\net35\unity-custom\nunit.framework.dll
Native extension for WindowsStandalone target not found
Refreshing native plugins compatible for Editor in 41.77 ms, found 0 plugins.
Preloading 0 native plugins for Editor in 0.00 ms.
Invoked RoslynAnalysisRunner static constructor.
RoslynAnalysisRunner will not be running.
RoslynAnalysisRunner has terminated.
Mono: successfully reloaded assembly
- Completed reload, in  1.344 seconds
Platform modules already initialized, skipping
Registering precompiled user dll's ...
Registered in 0.001249 seconds.
Begin MonoManager ReloadAssembly
Symbol file LoadedFromMemory doesn't match image C:\My-Documents\GamewithLOVE2D\cs50x_assignments\amWRit\Library\PackageCache\com.unity.ext.nunit@1.0.0\net35\unity-custom\nunit.framework.dll
Native extension for WindowsStandalone target not found
Refreshing native plugins compatible for Editor in 0.33 ms, found 0 plugins.
Preloading 0 native plugins for Editor in 0.00 ms.
Invoked RoslynAnalysisRunner static constructor.
RoslynAnalysisRunner will not be running.
RoslynAnalysisRunner has terminated.
Mono: successfully reloaded assembly
- Completed reload, in  1.914 seconds
Platform modules already initialized, skipping
Refreshing native plugins compatible for Editor in 0.52 ms, found 0 plugins.
Preloading 0 native plugins for Editor in 0.00 ms.
Unloading 6 Unused Serialized files (Serialized files now loaded: 0)
System memory in use before: 43.4 MB.
System memory in use after: 43.5 MB.

Unloading 5 unused Assets to reduce memory usage. Loaded Objects now: 1627.
Total: 4.664400 ms (FindLiveObjects: 0.881400 ms CreateObjectMapping: 0.135700 ms MarkObjects: 3.548400 ms  DeleteObjects: 0.096100 ms)

========================================================================
Received Import Request.
  Time since last request: 18.795152 seconds.
  path: Assets/Scripts/PlayerController.cs
  artifactKey: Guid(d3026c908ce277447925cb7a06c9df20) Importer(815301076,1909f56bfc062723c751e8b465ee728b)
Start importing Assets/Scripts/PlayerController.cs using Guid(d3026c908ce277447925cb7a06c9df20) Importer(815301076,1909f56bfc062723c751e8b465ee728b)  -> (artifact id: '39081c4866a1f73ff49d11b21188fbf2') in 0.009055 seconds
  Import took 0.037961 seconds .

========================================================================
Received Prepare
Reloading mono domain
Begin MonoManager ReloadAssembly
Registering precompiled unity dll's ...
Register platform support module: C:/Program Files/Unity 2020.2.0b7/Editor/Data/PlaybackEngines/WindowsStandaloneSupport/UnityEditor.WindowsStandalone.Extensions.dll
Registered in 0.001952 seconds.
Symbol file LoadedFromMemory doesn't match image C:\My-Documents\GamewithLOVE2D\cs50x_assignments\amWRit\Library\PackageCache\com.unity.ext.nunit@1.0.0\net35\unity-custom\nunit.framework.dll
Native extension for WindowsStandalone target not found
Refreshing native plugins compatible for Editor in 51.04 ms, found 0 plugins.
Preloading 0 native plugins for Editor in 0.00 ms.
Invoked RoslynAnalysisRunner static constructor.
RoslynAnalysisRunner will not be running.
RoslynAnalysisRunner has terminated.
Mono: successfully reloaded assembly
- Completed reload, in  1.540 seconds
Platform modules already initialized, skipping
Registering precompiled user dll's ...
Registered in 0.001131 seconds.
Begin MonoManager ReloadAssembly
Symbol file LoadedFromMemory doesn't match image C:\My-Documents\GamewithLOVE2D\cs50x_assignments\amWRit\Library\PackageCache\com.unity.ext.nunit@1.0.0\net35\unity-custom\nunit.framework.dll
Native extension for WindowsStandalone target not found
Refreshing native plugins compatible for Editor in 0.30 ms, found 0 plugins.
Preloading 0 native plugins for Editor in 0.00 ms.
Invoked RoslynAnalysisRunner static constructor.
RoslynAnalysisRunner will not be running.
RoslynAnalysisRunner has terminated.
Mono: successfully reloaded assembly
- Completed reload, in  1.543 seconds
Platform modules already initialized, skipping
Refreshing native plugins compatible for Editor in 0.44 ms, found 0 plugins.
Preloading 0 native plugins for Editor in 0.00 ms.
Unloading 6 Unused Serialized files (Serialized files now loaded: 0)
System memory in use before: 43.0 MB.
System memory in use after: 43.1 MB.

Unloading 5 unused Assets to reduce memory usage. Loaded Objects now: 1631.
Total: 3.919000 ms (FindLiveObjects: 0.531400 ms CreateObjectMapping: 0.067600 ms MarkObjects: 3.232800 ms  DeleteObjects: 0.084600 ms)

========================================================================
Received Import Request.
  Time since last request: 144.264704 seconds.
  path: Assets/Scripts/PlayerController.cs
  artifactKey: Guid(d3026c908ce277447925cb7a06c9df20) Importer(815301076,1909f56bfc062723c751e8b465ee728b)
Start importing Assets/Scripts/PlayerController.cs using Guid(d3026c908ce277447925cb7a06c9df20) Importer(815301076,1909f56bfc062723c751e8b465ee728b)  -> (artifact id: '870c29ed45051f309a650facb003188c') in 0.007230 seconds
  Import took 0.035542 seconds .

========================================================================
Received Prepare
Reloading mono domain
Begin MonoManager ReloadAssembly
Registering precompiled unity dll's ...
Register platform support module: C:/Program Files/Unity 2020.2.0b7/Editor/Data/PlaybackEngines/WindowsStandaloneSupport/UnityEditor.WindowsStandalone.Extensions.dll
Registered in 0.003654 seconds.
Symbol file LoadedFromMemory doesn't match image C:\My-Documents\GamewithLOVE2D\cs50x_assignments\amWRit\Library\PackageCache\com.unity.ext.nunit@1.0.0\net35\unity-custom\nunit.framework.dll
Native extension for WindowsStandalone target not found
Refreshing native plugins compatible for Editor in 81.78 ms, found 0 plugins.
Preloading 0 native plugins for Editor in 0.00 ms.
Invoked RoslynAnalysisRunner static constructor.
RoslynAnalysisRunner will not be running.
RoslynAnalysisRunner has terminated.
Mono: successfully reloaded assembly
- Completed reload, in  2.290 seconds
Platform modules already initialized, skipping
Registering precompiled user dll's ...
Registered in 0.000874 seconds.
Begin MonoManager ReloadAssembly
Symbol file LoadedFromMemory doesn't match image C:\My-Documents\GamewithLOVE2D\cs50x_assignments\amWRit\Library\PackageCache\com.unity.ext.nunit@1.0.0\net35\unity-custom\nunit.framework.dll
Native extension for WindowsStandalone target not found
Refreshing native plugins compatible for Editor in 0.44 ms, found 0 plugins.
Preloading 0 native plugins for Editor in 0.00 ms.
Invoked RoslynAnalysisRunner static constructor.
RoslynAnalysisRunner will not be running.
RoslynAnalysisRunner has terminated.
Mono: successfully reloaded assembly
- Completed reload, in  2.282 seconds
Platform modules already initialized, skipping
Refreshing native plugins compatible for Editor in 0.46 ms, found 0 plugins.
Preloading 0 native plugins for Editor in 0.00 ms.
Unloading 6 Unused Serialized files (Serialized files now loaded: 0)
System memory in use before: 43.4 MB.
System memory in use after: 43.5 MB.

Unloading 5 unused Assets to reduce memory usage. Loaded Objects now: 1635.
Total: 3.431800 ms (FindLiveObjects: 0.666300 ms CreateObjectMapping: 0.102900 ms MarkObjects: 2.505600 ms  DeleteObjects: 0.155200 ms)

========================================================================
Received Prepare
Reloading mono domain
Begin MonoManager ReloadAssembly
Registering precompiled unity dll's ...
Register platform support module: C:/Program Files/Unity 2020.2.0b7/Editor/Data/PlaybackEngines/WindowsStandaloneSupport/UnityEditor.WindowsStandalone.Extensions.dll
Registered in 0.002011 seconds.
Symbol file LoadedFromMemory doesn't match image C:\My-Documents\GamewithLOVE2D\cs50x_assignments\amWRit\Library\PackageCache\com.unity.ext.nunit@1.0.0\net35\unity-custom\nunit.framework.dll
Native extension for WindowsStandalone target not found
Refreshing native plugins compatible for Editor in 84.50 ms, found 0 plugins.
Preloading 0 native plugins for Editor in 0.00 ms.
Invoked RoslynAnalysisRunner static constructor.
RoslynAnalysisRunner will not be running.
RoslynAnalysisRunner has terminated.
Mono: successfully reloaded assembly
- Completed reload, in  1.936 seconds
Platform modules already initialized, skipping
Registering precompiled user dll's ...
Registered in 0.000843 seconds.
Begin MonoManager ReloadAssembly
Symbol file LoadedFromMemory doesn't match image C:\My-Documents\GamewithLOVE2D\cs50x_assignments\amWRit\Library\PackageCache\com.unity.ext.nunit@1.0.0\net35\unity-custom\nunit.framework.dll
Native extension for WindowsStandalone target not found
Refreshing native plugins compatible for Editor in 0.28 ms, found 0 plugins.
Preloading 0 native plugins for Editor in 0.00 ms.
Invoked RoslynAnalysisRunner static constructor.
RoslynAnalysisRunner will not be running.
RoslynAnalysisRunner has terminated.
Mono: successfully reloaded assembly
- Completed reload, in  2.277 seconds
Platform modules already initialized, skipping
Refreshing native plugins compatible for Editor in 0.29 ms, found 0 plugins.
Preloading 0 native plugins for Editor in 0.00 ms.
Unloading 6 Unused Serialized files (Serialized files now loaded: 0)
System memory in use before: 42.8 MB.
System memory in use after: 42.9 MB.

Unloading 5 unused Assets to reduce memory usage. Loaded Objects now: 1639.
Total: 3.595900 ms (FindLiveObjects: 0.417000 ms CreateObjectMapping: 0.089600 ms MarkObjects: 3.018100 ms  DeleteObjects: 0.068900 ms)

========================================================================
Received Import Request.
  Time since last request: 95.966247 seconds.
  path: Assets/Prefabs/Bomb.prefab
  artifactKey: Guid(1db47c5ef25154fb1806822c25335042) Importer(815301076,1909f56bfc062723c751e8b465ee728b)
Start importing Assets/Prefabs/Bomb.prefab using Guid(1db47c5ef25154fb1806822c25335042) Importer(815301076,1909f56bfc062723c751e8b465ee728b)  -> (artifact id: 'c2d6e6a1f4b123ec37f209b1e6826dc0') in 0.143241 seconds
  Import took 0.147987 seconds .

========================================================================
Received Import Request.
  Time since last request: 0.000351 seconds.
  path: Assets/Scripts/PlayerController.cs
  artifactKey: Guid(d3026c908ce277447925cb7a06c9df20) Importer(815301076,1909f56bfc062723c751e8b465ee728b)
Start importing Assets/Scripts/PlayerController.cs using Guid(d3026c908ce277447925cb7a06c9df20) Importer(815301076,1909f56bfc062723c751e8b465ee728b)  -> (artifact id: 'da93c095225bfc0adc87d2b9ec7ca81c') in 0.005780 seconds
  Import took 0.012042 seconds .

========================================================================
Received Prepare
Reloading mono domain
Begin MonoManager ReloadAssembly
Registering precompiled unity dll's ...
Register platform support module: C:/Program Files/Unity 2020.2.0b7/Editor/Data/PlaybackEngines/WindowsStandaloneSupport/UnityEditor.WindowsStandalone.Extensions.dll
Registered in 0.002772 seconds.
Symbol file LoadedFromMemory doesn't match image C:\My-Documents\GamewithLOVE2D\cs50x_assignments\amWRit\Library\PackageCache\com.unity.ext.nunit@1.0.0\net35\unity-custom\nunit.framework.dll
Native extension for WindowsStandalone target not found
Refreshing native plugins compatible for Editor in 54.61 ms, found 0 plugins.
Preloading 0 native plugins for Editor in 0.00 ms.
Invoked RoslynAnalysisRunner static constructor.
RoslynAnalysisRunner will not be running.
RoslynAnalysisRunner has terminated.
Mono: successfully reloaded assembly
- Completed reload, in  2.180 seconds
Platform modules already initialized, skipping
Registering precompiled user dll's ...
Registered in 0.001433 seconds.
Begin MonoManager ReloadAssembly
Symbol file LoadedFromMemory doesn't match image C:\My-Documents\GamewithLOVE2D\cs50x_assignments\amWRit\Library\PackageCache\com.unity.ext.nunit@1.0.0\net35\unity-custom\nunit.framework.dll
Native extension for WindowsStandalone target not found
Refreshing native plugins compatible for Editor in 0.49 ms, found 0 plugins.
Preloading 0 native plugins for Editor in 0.00 ms.
Invoked RoslynAnalysisRunner static constructor.
RoslynAnalysisRunner will not be running.
RoslynAnalysisRunner has terminated.
Mono: successfully reloaded assembly
- Completed reload, in  2.558 seconds
Platform modules already initialized, skipping
Refreshing native plugins compatible for Editor in 0.29 ms, found 0 plugins.
Preloading 0 native plugins for Editor in 0.00 ms.
Unloading 6 Unused Serialized files (Serialized files now loaded: 0)
System memory in use before: 43.2 MB.
System memory in use after: 43.3 MB.

Unloading 5 unused Assets to reduce memory usage. Loaded Objects now: 1644.
Total: 2.932300 ms (FindLiveObjects: 0.476100 ms CreateObjectMapping: 0.119800 ms MarkObjects: 2.265700 ms  DeleteObjects: 0.068800 ms)

========================================================================
Received Prepare
Reloading mono domain
Begin MonoManager ReloadAssembly
Registering precompiled unity dll's ...
Register platform support module: C:/Program Files/Unity 2020.2.0b7/Editor/Data/PlaybackEngines/WindowsStandaloneSupport/UnityEditor.WindowsStandalone.Extensions.dll
Registered in 0.002667 seconds.
Symbol file LoadedFromMemory doesn't match image C:\My-Documents\GamewithLOVE2D\cs50x_assignments\amWRit\Library\PackageCache\com.unity.ext.nunit@1.0.0\net35\unity-custom\nunit.framework.dll
Native extension for WindowsStandalone target not found
Refreshing native plugins compatible for Editor in 32.11 ms, found 0 plugins.
Preloading 0 native plugins for Editor in 0.00 ms.
Invoked RoslynAnalysisRunner static constructor.
RoslynAnalysisRunner will not be running.
RoslynAnalysisRunner has terminated.
Mono: successfully reloaded assembly
- Completed reload, in  1.822 seconds
Platform modules already initialized, skipping
Registering precompiled user dll's ...
Registered in 0.001130 seconds.
Begin MonoManager ReloadAssembly
Symbol file LoadedFromMemory doesn't match image C:\My-Documents\GamewithLOVE2D\cs50x_assignments\amWRit\Library\PackageCache\com.unity.ext.nunit@1.0.0\net35\unity-custom\nunit.framework.dll
Native extension for WindowsStandalone target not found
Refreshing native plugins compatible for Editor in 0.43 ms, found 0 plugins.
Preloading 0 native plugins for Editor in 0.00 ms.
Invoked RoslynAnalysisRunner static constructor.
RoslynAnalysisRunner will not be running.
RoslynAnalysisRunner has terminated.
Mono: successfully reloaded assembly
- Completed reload, in  2.497 seconds
Platform modules already initialized, skipping
Refreshing native plugins compatible for Editor in 0.45 ms, found 0 plugins.
Preloading 0 native plugins for Editor in 0.00 ms.
Unloading 6 Unused Serialized files (Serialized files now loaded: 0)
System memory in use before: 43.4 MB.
System memory in use after: 43.5 MB.

Unloading 5 unused Assets to reduce memory usage. Loaded Objects now: 1648.
Total: 3.665100 ms (FindLiveObjects: 0.608800 ms CreateObjectMapping: 0.107200 ms MarkObjects: 2.865100 ms  DeleteObjects: 0.081400 ms)

========================================================================
Received Prepare
Reloading mono domain
Begin MonoManager ReloadAssembly
Registering precompiled unity dll's ...
Register platform support module: C:/Program Files/Unity 2020.2.0b7/Editor/Data/PlaybackEngines/WindowsStandaloneSupport/UnityEditor.WindowsStandalone.Extensions.dll
Registered in 0.002185 seconds.
Symbol file LoadedFromMemory doesn't match image C:\My-Documents\GamewithLOVE2D\cs50x_assignments\amWRit\Library\PackageCache\com.unity.ext.nunit@1.0.0\net35\unity-custom\nunit.framework.dll
Native extension for WindowsStandalone target not found
Refreshing native plugins compatible for Editor in 35.93 ms, found 0 plugins.
Preloading 0 native plugins for Editor in 0.00 ms.
Invoked RoslynAnalysisRunner static constructor.
RoslynAnalysisRunner will not be running.
RoslynAnalysisRunner has terminated.
Mono: successfully reloaded assembly
- Completed reload, in  1.812 seconds
Platform modules already initialized, skipping
Registering precompiled user dll's ...
Registered in 0.000859 seconds.
Begin MonoManager ReloadAssembly
Symbol file LoadedFromMemory doesn't match image C:\My-Documents\GamewithLOVE2D\cs50x_assignments\amWRit\Library\PackageCache\com.unity.ext.nunit@1.0.0\net35\unity-custom\nunit.framework.dll
Native extension for WindowsStandalone target not found
Refreshing native plugins compatible for Editor in 0.28 ms, found 0 plugins.
Preloading 0 native plugins for Editor in 0.00 ms.
Invoked RoslynAnalysisRunner static constructor.
RoslynAnalysisRunner will not be running.
RoslynAnalysisRunner has terminated.
Mono: successfully reloaded assembly
- Completed reload, in  1.634 seconds
Platform modules already initialized, skipping
Refreshing native plugins compatible for Editor in 0.29 ms, found 0 plugins.
Preloading 0 native plugins for Editor in 0.00 ms.
Unloading 6 Unused Serialized files (Serialized files now loaded: 0)
System memory in use before: 43.0 MB.
System memory in use after: 43.1 MB.

Unloading 5 unused Assets to reduce memory usage. Loaded Objects now: 1652.
Total: 3.216000 ms (FindLiveObjects: 0.505100 ms CreateObjectMapping: 0.118700 ms MarkObjects: 2.508700 ms  DeleteObjects: 0.080400 ms)

========================================================================
Received Prepare
Reloading mono domain
Begin MonoManager ReloadAssembly
Registering precompiled unity dll's ...
Register platform support module: C:/Program Files/Unity 2020.2.0b7/Editor/Data/PlaybackEngines/WindowsStandaloneSupport/UnityEditor.WindowsStandalone.Extensions.dll
Registered in 0.002657 seconds.
Symbol file LoadedFromMemory doesn't match image C:\My-Documents\GamewithLOVE2D\cs50x_assignments\amWRit\Library\PackageCache\com.unity.ext.nunit@1.0.0\net35\unity-custom\nunit.framework.dll
Native extension for WindowsStandalone target not found
Refreshing native plugins compatible for Editor in 54.50 ms, found 0 plugins.
Preloading 0 native plugins for Editor in 0.00 ms.
Invoked RoslynAnalysisRunner static constructor.
RoslynAnalysisRunner will not be running.
RoslynAnalysisRunner has terminated.
Mono: successfully reloaded assembly
- Completed reload, in  2.030 seconds
Platform modules already initialized, skipping
Registering precompiled user dll's ...
Registered in 0.001525 seconds.
Begin MonoManager ReloadAssembly
Symbol file LoadedFromMemory doesn't match image C:\My-Documents\GamewithLOVE2D\cs50x_assignments\amWRit\Library\PackageCache\com.unity.ext.nunit@1.0.0\net35\unity-custom\nunit.framework.dll
Native extension for WindowsStandalone target not found
Refreshing native plugins compatible for Editor in 0.32 ms, found 0 plugins.
Preloading 0 native plugins for Editor in 0.00 ms.
Invoked RoslynAnalysisRunner static constructor.
RoslynAnalysisRunner will not be running.
RoslynAnalysisRunner has terminated.
Mono: successfully reloaded assembly
- Completed reload, in  2.182 seconds
Platform modules already initialized, skipping
Refreshing native plugins compatible for Editor in 0.28 ms, found 0 plugins.
Preloading 0 native plugins for Editor in 0.00 ms.
Unloading 6 Unused Serialized files (Serialized files now loaded: 0)
System memory in use before: 43.4 MB.
System memory in use after: 43.4 MB.

Unloading 5 unused Assets to reduce memory usage. Loaded Objects now: 1656.
Total: 3.581700 ms (FindLiveObjects: 0.491200 ms CreateObjectMapping: 0.118800 ms MarkObjects: 2.895500 ms  DeleteObjects: 0.073900 ms)

========================================================================
Received Import Request.
  Time since last request: 373.275496 seconds.
  path: Assets/Prefabs/Prop_Barrier01.prefab
  artifactKey: Guid(68c93e28f1c4a2a4dbc59f9446419faa) Importer(815301076,1909f56bfc062723c751e8b465ee728b)
Start importing Assets/Prefabs/Prop_Barrier01.prefab using Guid(68c93e28f1c4a2a4dbc59f9446419faa) Importer(815301076,1909f56bfc062723c751e8b465ee728b)  -> (artifact id: '7b65d4edbed5eeb32a3e7d5f86f19669') in 0.105669 seconds
  Import took 0.109759 seconds .

========================================================================
Received Prepare
Reloading mono domain
Begin MonoManager ReloadAssembly
Registering precompiled unity dll's ...
Register platform support module: C:/Program Files/Unity 2020.2.0b7/Editor/Data/PlaybackEngines/WindowsStandaloneSupport/UnityEditor.WindowsStandalone.Extensions.dll
Registered in 0.003900 seconds.
Symbol file LoadedFromMemory doesn't match image C:\My-Documents\GamewithLOVE2D\cs50x_assignments\amWRit\Library\PackageCache\com.unity.ext.nunit@1.0.0\net35\unity-custom\nunit.framework.dll
Native extension for WindowsStandalone target not found
Refreshing native plugins compatible for Editor in 56.11 ms, found 0 plugins.
Preloading 0 native plugins for Editor in 0.00 ms.
Invoked RoslynAnalysisRunner static constructor.
RoslynAnalysisRunner will not be running.
RoslynAnalysisRunner has terminated.
Mono: successfully reloaded assembly
- Completed reload, in  2.748 seconds
Platform modules already initialized, skipping
Registering precompiled user dll's ...
Registered in 0.001508 seconds.
Begin MonoManager ReloadAssembly
Symbol file LoadedFromMemory doesn't match image C:\My-Documents\GamewithLOVE2D\cs50x_assignments\amWRit\Library\PackageCache\com.unity.ext.nunit@1.0.0\net35\unity-custom\nunit.framework.dll
Native extension for WindowsStandalone target not found
Refreshing native plugins compatible for Editor in 0.49 ms, found 0 plugins.
Preloading 0 native plugins for Editor in 0.00 ms.
Invoked RoslynAnalysisRunner static constructor.
RoslynAnalysisRunner will not be running.
RoslynAnalysisRunner has terminated.
Mono: successfully reloaded assembly
- Completed reload, in  2.736 seconds
Platform modules already initialized, skipping
Refreshing native plugins compatible for Editor in 0.34 ms, found 0 plugins.
Preloading 0 native plugins for Editor in 0.00 ms.
Unloading 6 Unused Serialized files (Serialized files now loaded: 0)
System memory in use before: 43.5 MB.
System memory in use after: 43.5 MB.

Unloading 5 unused Assets to reduce memory usage. Loaded Objects now: 1661.
Total: 3.916500 ms (FindLiveObjects: 0.800900 ms CreateObjectMapping: 0.185200 ms MarkObjects: 2.840700 ms  DeleteObjects: 0.087100 ms)

========================================================================
Received Import Request.
  Time since last request: 241.850793 seconds.
  path: Assets/Prefabs/Prop_Barrier01.prefab
  artifactKey: Guid(68c93e28f1c4a2a4dbc59f9446419faa) Importer(815301076,1909f56bfc062723c751e8b465ee728b)
Start importing Assets/Prefabs/Prop_Barrier01.prefab using Guid(68c93e28f1c4a2a4dbc59f9446419faa) Importer(815301076,1909f56bfc062723c751e8b465ee728b)  -> (artifact id: '6d568a3ec3793536823095389276694e') in 0.112976 seconds
  Import took 0.117421 seconds .

========================================================================
Received Import Request.
  Time since last request: 48.900011 seconds.
  path: Assets/Sprites/Bar.png
  artifactKey: Guid(b43fff32b21672649a0ce8a6108b2e18) Importer(815301076,1909f56bfc062723c751e8b465ee728b)
Start importing Assets/Sprites/Bar.png using Guid(b43fff32b21672649a0ce8a6108b2e18) Importer(815301076,1909f56bfc062723c751e8b465ee728b)  -> (artifact id: '06938b54f58f3426d00b448d144b9add') in 0.047704 seconds
  Import took 0.052567 seconds .

========================================================================
Received Import Request.
  Time since last request: 0.000342 seconds.
  path: Assets/Sprites/Heart.png
  artifactKey: Guid(f0b2f8375dd044e43851a12ac5f98b50) Importer(815301076,1909f56bfc062723c751e8b465ee728b)
Start importing Assets/Sprites/Heart.png using Guid(f0b2f8375dd044e43851a12ac5f98b50) Importer(815301076,1909f56bfc062723c751e8b465ee728b)  -> (artifact id: '35cf7d194e31b97de4967ea5d83e4de7') in 0.017736 seconds
  Import took 0.022368 seconds .

AssetImportWorkerClient::OnTransportError - code=2 error=End of file
